[2023-03-24 14:57:47:293][main] INFO c.e.dividend.DividendApplication - Starting DividendApplication using Java 11.0.18 on homes-MacBook-Pro.local with PID 6543 (/Users/home/Desktop/downfiles/Intellij/dividend/build/classes/java/main started by home in /Users/home/Desktop/downfiles/Intellij/dividend)
[2023-03-24 14:57:47:296][main] INFO c.e.dividend.DividendApplication - No active profile set, falling back to 1 default profile: "default"
[2023-03-24 14:57:48:1309][main] INFO o.s.d.r.c.RepositoryConfigurationDelegate - Multiple Spring Data modules found, entering strict repository configuration mode
[2023-03-24 14:57:48:1310][main] INFO o.s.d.r.c.RepositoryConfigurationDelegate - Bootstrapping Spring Data JPA repositories in DEFAULT mode.
[2023-03-24 14:57:48:1359][main] INFO o.s.d.r.c.RepositoryConfigurationDelegate - Finished Spring Data repository scanning in 43 ms. Found 3 JPA repository interfaces.
[2023-03-24 14:57:48:1372][main] INFO o.s.d.r.c.RepositoryConfigurationDelegate - Multiple Spring Data modules found, entering strict repository configuration mode
[2023-03-24 14:57:48:1372][main] INFO o.s.d.r.c.RepositoryConfigurationDelegate - Bootstrapping Spring Data Redis repositories in DEFAULT mode.
[2023-03-24 14:57:48:1381][main] INFO o.s.d.r.c.RepositoryConfigurationExtensionSupport - Spring Data Redis - Could not safely identify store assignment for repository candidate interface com.example.dividend.persist.CompanyRepository; If you want this repository to be a Redis repository, consider annotating your entities with one of these annotations: org.springframework.data.redis.core.RedisHash (preferred), or consider extending one of the following types with your repository: org.springframework.data.keyvalue.repository.KeyValueRepository
[2023-03-24 14:57:48:1382][main] INFO o.s.d.r.c.RepositoryConfigurationExtensionSupport - Spring Data Redis - Could not safely identify store assignment for repository candidate interface com.example.dividend.persist.DividendRepository; If you want this repository to be a Redis repository, consider annotating your entities with one of these annotations: org.springframework.data.redis.core.RedisHash (preferred), or consider extending one of the following types with your repository: org.springframework.data.keyvalue.repository.KeyValueRepository
[2023-03-24 14:57:48:1382][main] INFO o.s.d.r.c.RepositoryConfigurationExtensionSupport - Spring Data Redis - Could not safely identify store assignment for repository candidate interface com.example.dividend.persist.MemberRepository; If you want this repository to be a Redis repository, consider annotating your entities with one of these annotations: org.springframework.data.redis.core.RedisHash (preferred), or consider extending one of the following types with your repository: org.springframework.data.keyvalue.repository.KeyValueRepository
[2023-03-24 14:57:48:1382][main] INFO o.s.d.r.c.RepositoryConfigurationDelegate - Finished Spring Data repository scanning in 5 ms. Found 0 Redis repository interfaces.
[2023-03-24 14:57:48:1636][main] WARN o.s.b.w.s.c.AnnotationConfigServletWebServerApplicationContext - Exception encountered during context initialization - cancelling refresh attempt: org.springframework.context.ApplicationContextException: Unable to start web server; nested exception is org.springframework.beans.factory.BeanCreationException: Error creating bean with name 'tomcatServletWebServerFactory' defined in class path resource [org/springframework/boot/autoconfigure/web/servlet/ServletWebServerFactoryConfiguration$EmbeddedTomcat.class]: Initialization of bean failed; nested exception is org.springframework.beans.factory.UnsatisfiedDependencyException: Error creating bean with name 'errorPageCustomizer' defined in class path resource [org/springframework/boot/autoconfigure/web/servlet/error/ErrorMvcAutoConfiguration.class]: Unsatisfied dependency expressed through method 'errorPageCustomizer' parameter 0; nested exception is org.springframework.beans.factory.UnsatisfiedDependencyException: Error creating bean with name 'dispatcherServletRegistration' defined in class path resource [org/springframework/boot/autoconfigure/web/servlet/DispatcherServletAutoConfiguration$DispatcherServletRegistrationConfiguration.class]: Unsatisfied dependency expressed through method 'dispatcherServletRegistration' parameter 0; nested exception is org.springframework.beans.factory.UnsatisfiedDependencyException: Error creating bean with name 'dispatcherServlet' defined in class path resource [org/springframework/boot/autoconfigure/web/servlet/DispatcherServletAutoConfiguration$DispatcherServletConfiguration.class]: Unsatisfied dependency expressed through method 'dispatcherServlet' parameter 0; nested exception is org.springframework.boot.context.properties.ConfigurationPropertiesBindException: Error creating bean with name 'spring.mvc-org.springframework.boot.autoconfigure.web.servlet.WebMvcProperties': Could not bind properties to 'WebMvcProperties' : prefix=spring.mvc, ignoreInvalidFields=false, ignoreUnknownFields=true; nested exception is org.springframework.boot.context.properties.bind.BindException: Failed to bind properties under 'spring.mvc.pathmatch' to org.springframework.boot.autoconfigure.web.servlet.WebMvcProperties$Pathmatch
[2023-03-24 14:57:48:1642][main] INFO o.s.b.a.l.ConditionEvaluationReportLoggingListener - 

Error starting ApplicationContext. To display the conditions report re-run your application with 'debug' enabled.
[2023-03-24 14:57:48:1652][main] ERRORo.s.b.d.LoggingFailureAnalysisReporter - 

***************************
APPLICATION FAILED TO START
***************************

Description:

Failed to bind properties under 'spring.mvc.pathmatch' to org.springframework.boot.autoconfigure.web.servlet.WebMvcProperties$Pathmatch:

    Reason: org.springframework.core.convert.ConverterNotFoundException: No converter found capable of converting from type [java.lang.String] to type [org.springframework.boot.autoconfigure.web.servlet.WebMvcProperties$Pathmatch]

Action:

Update your application's configuration

[2023-03-24 15:00:33:458][main] INFO c.e.dividend.DividendApplication - Starting DividendApplication using Java 11.0.18 on homes-MacBook-Pro.local with PID 7767 (/Users/home/Desktop/downfiles/Intellij/dividend/build/classes/java/main started by home in /Users/home/Desktop/downfiles/Intellij/dividend)
[2023-03-24 15:00:33:460][main] INFO c.e.dividend.DividendApplication - No active profile set, falling back to 1 default profile: "default"
[2023-03-24 15:00:34:892][main] INFO o.s.d.r.c.RepositoryConfigurationDelegate - Multiple Spring Data modules found, entering strict repository configuration mode
[2023-03-24 15:00:34:893][main] INFO o.s.d.r.c.RepositoryConfigurationDelegate - Bootstrapping Spring Data JPA repositories in DEFAULT mode.
[2023-03-24 15:00:34:925][main] INFO o.s.d.r.c.RepositoryConfigurationDelegate - Finished Spring Data repository scanning in 29 ms. Found 3 JPA repository interfaces.
[2023-03-24 15:00:34:934][main] INFO o.s.d.r.c.RepositoryConfigurationDelegate - Multiple Spring Data modules found, entering strict repository configuration mode
[2023-03-24 15:00:34:935][main] INFO o.s.d.r.c.RepositoryConfigurationDelegate - Bootstrapping Spring Data Redis repositories in DEFAULT mode.
[2023-03-24 15:00:34:942][main] INFO o.s.d.r.c.RepositoryConfigurationExtensionSupport - Spring Data Redis - Could not safely identify store assignment for repository candidate interface com.example.dividend.persist.CompanyRepository; If you want this repository to be a Redis repository, consider annotating your entities with one of these annotations: org.springframework.data.redis.core.RedisHash (preferred), or consider extending one of the following types with your repository: org.springframework.data.keyvalue.repository.KeyValueRepository
[2023-03-24 15:00:34:943][main] INFO o.s.d.r.c.RepositoryConfigurationExtensionSupport - Spring Data Redis - Could not safely identify store assignment for repository candidate interface com.example.dividend.persist.DividendRepository; If you want this repository to be a Redis repository, consider annotating your entities with one of these annotations: org.springframework.data.redis.core.RedisHash (preferred), or consider extending one of the following types with your repository: org.springframework.data.keyvalue.repository.KeyValueRepository
[2023-03-24 15:00:34:943][main] INFO o.s.d.r.c.RepositoryConfigurationExtensionSupport - Spring Data Redis - Could not safely identify store assignment for repository candidate interface com.example.dividend.persist.MemberRepository; If you want this repository to be a Redis repository, consider annotating your entities with one of these annotations: org.springframework.data.redis.core.RedisHash (preferred), or consider extending one of the following types with your repository: org.springframework.data.keyvalue.repository.KeyValueRepository
[2023-03-24 15:00:34:943][main] INFO o.s.d.r.c.RepositoryConfigurationDelegate - Finished Spring Data repository scanning in 3 ms. Found 0 Redis repository interfaces.
[2023-03-24 15:00:34:1165][main] WARN o.s.b.w.s.c.AnnotationConfigServletWebServerApplicationContext - Exception encountered during context initialization - cancelling refresh attempt: org.springframework.context.ApplicationContextException: Unable to start web server; nested exception is org.springframework.beans.factory.BeanCreationException: Error creating bean with name 'tomcatServletWebServerFactory' defined in class path resource [org/springframework/boot/autoconfigure/web/servlet/ServletWebServerFactoryConfiguration$EmbeddedTomcat.class]: Initialization of bean failed; nested exception is org.springframework.beans.factory.UnsatisfiedDependencyException: Error creating bean with name 'errorPageCustomizer' defined in class path resource [org/springframework/boot/autoconfigure/web/servlet/error/ErrorMvcAutoConfiguration.class]: Unsatisfied dependency expressed through method 'errorPageCustomizer' parameter 0; nested exception is org.springframework.beans.factory.UnsatisfiedDependencyException: Error creating bean with name 'dispatcherServletRegistration' defined in class path resource [org/springframework/boot/autoconfigure/web/servlet/DispatcherServletAutoConfiguration$DispatcherServletRegistrationConfiguration.class]: Unsatisfied dependency expressed through method 'dispatcherServletRegistration' parameter 0; nested exception is org.springframework.beans.factory.UnsatisfiedDependencyException: Error creating bean with name 'dispatcherServlet' defined in class path resource [org/springframework/boot/autoconfigure/web/servlet/DispatcherServletAutoConfiguration$DispatcherServletConfiguration.class]: Unsatisfied dependency expressed through method 'dispatcherServlet' parameter 0; nested exception is org.springframework.boot.context.properties.ConfigurationPropertiesBindException: Error creating bean with name 'spring.mvc-org.springframework.boot.autoconfigure.web.servlet.WebMvcProperties': Could not bind properties to 'WebMvcProperties' : prefix=spring.mvc, ignoreInvalidFields=false, ignoreUnknownFields=true; nested exception is org.springframework.boot.context.properties.bind.BindException: Failed to bind properties under 'spring.mvc.pathmatch' to org.springframework.boot.autoconfigure.web.servlet.WebMvcProperties$Pathmatch
[2023-03-24 15:00:34:1170][main] INFO o.s.b.a.l.ConditionEvaluationReportLoggingListener - 

Error starting ApplicationContext. To display the conditions report re-run your application with 'debug' enabled.
[2023-03-24 15:00:34:1179][main] ERRORo.s.b.d.LoggingFailureAnalysisReporter - 

***************************
APPLICATION FAILED TO START
***************************

Description:

Failed to bind properties under 'spring.mvc.pathmatch' to org.springframework.boot.autoconfigure.web.servlet.WebMvcProperties$Pathmatch:

    Reason: org.springframework.core.convert.ConverterNotFoundException: No converter found capable of converting from type [java.lang.String] to type [org.springframework.boot.autoconfigure.web.servlet.WebMvcProperties$Pathmatch]

Action:

Update your application's configuration

[2023-03-24 16:25:44:282][main] INFO c.e.dividend.DividendApplication - Starting DividendApplication using Java 11.0.18 on homes-MacBook-Pro.local with PID 46168 (/Users/home/Desktop/downfiles/Intellij/dividend/build/classes/java/main started by home in /Users/home/Desktop/downfiles/Intellij/dividend)
[2023-03-24 16:25:44:283][main] INFO c.e.dividend.DividendApplication - No active profile set, falling back to 1 default profile: "default"
[2023-03-24 16:25:45:685][main] INFO o.s.d.r.c.RepositoryConfigurationDelegate - Multiple Spring Data modules found, entering strict repository configuration mode
[2023-03-24 16:25:45:685][main] INFO o.s.d.r.c.RepositoryConfigurationDelegate - Bootstrapping Spring Data JPA repositories in DEFAULT mode.
[2023-03-24 16:25:45:714][main] INFO o.s.d.r.c.RepositoryConfigurationDelegate - Finished Spring Data repository scanning in 25 ms. Found 3 JPA repository interfaces.
[2023-03-24 16:25:45:722][main] INFO o.s.d.r.c.RepositoryConfigurationDelegate - Multiple Spring Data modules found, entering strict repository configuration mode
[2023-03-24 16:25:45:722][main] INFO o.s.d.r.c.RepositoryConfigurationDelegate - Bootstrapping Spring Data Redis repositories in DEFAULT mode.
[2023-03-24 16:25:45:729][main] INFO o.s.d.r.c.RepositoryConfigurationExtensionSupport - Spring Data Redis - Could not safely identify store assignment for repository candidate interface com.example.dividend.persist.CompanyRepository; If you want this repository to be a Redis repository, consider annotating your entities with one of these annotations: org.springframework.data.redis.core.RedisHash (preferred), or consider extending one of the following types with your repository: org.springframework.data.keyvalue.repository.KeyValueRepository
[2023-03-24 16:25:45:730][main] INFO o.s.d.r.c.RepositoryConfigurationExtensionSupport - Spring Data Redis - Could not safely identify store assignment for repository candidate interface com.example.dividend.persist.DividendRepository; If you want this repository to be a Redis repository, consider annotating your entities with one of these annotations: org.springframework.data.redis.core.RedisHash (preferred), or consider extending one of the following types with your repository: org.springframework.data.keyvalue.repository.KeyValueRepository
[2023-03-24 16:25:45:730][main] INFO o.s.d.r.c.RepositoryConfigurationExtensionSupport - Spring Data Redis - Could not safely identify store assignment for repository candidate interface com.example.dividend.persist.MemberRepository; If you want this repository to be a Redis repository, consider annotating your entities with one of these annotations: org.springframework.data.redis.core.RedisHash (preferred), or consider extending one of the following types with your repository: org.springframework.data.keyvalue.repository.KeyValueRepository
[2023-03-24 16:25:45:730][main] INFO o.s.d.r.c.RepositoryConfigurationDelegate - Finished Spring Data repository scanning in 3 ms. Found 0 Redis repository interfaces.
[2023-03-24 16:25:45:953][main] WARN o.s.b.w.s.c.AnnotationConfigServletWebServerApplicationContext - Exception encountered during context initialization - cancelling refresh attempt: org.springframework.context.ApplicationContextException: Unable to start web server; nested exception is org.springframework.beans.factory.BeanCreationException: Error creating bean with name 'tomcatServletWebServerFactory' defined in class path resource [org/springframework/boot/autoconfigure/web/servlet/ServletWebServerFactoryConfiguration$EmbeddedTomcat.class]: Initialization of bean failed; nested exception is org.springframework.beans.factory.UnsatisfiedDependencyException: Error creating bean with name 'errorPageCustomizer' defined in class path resource [org/springframework/boot/autoconfigure/web/servlet/error/ErrorMvcAutoConfiguration.class]: Unsatisfied dependency expressed through method 'errorPageCustomizer' parameter 0; nested exception is org.springframework.beans.factory.UnsatisfiedDependencyException: Error creating bean with name 'dispatcherServletRegistration' defined in class path resource [org/springframework/boot/autoconfigure/web/servlet/DispatcherServletAutoConfiguration$DispatcherServletRegistrationConfiguration.class]: Unsatisfied dependency expressed through method 'dispatcherServletRegistration' parameter 0; nested exception is org.springframework.beans.factory.UnsatisfiedDependencyException: Error creating bean with name 'dispatcherServlet' defined in class path resource [org/springframework/boot/autoconfigure/web/servlet/DispatcherServletAutoConfiguration$DispatcherServletConfiguration.class]: Unsatisfied dependency expressed through method 'dispatcherServlet' parameter 0; nested exception is org.springframework.boot.context.properties.ConfigurationPropertiesBindException: Error creating bean with name 'spring.mvc-org.springframework.boot.autoconfigure.web.servlet.WebMvcProperties': Could not bind properties to 'WebMvcProperties' : prefix=spring.mvc, ignoreInvalidFields=false, ignoreUnknownFields=true; nested exception is org.springframework.boot.context.properties.bind.BindException: Failed to bind properties under 'spring.mvc.pathmatch' to org.springframework.boot.autoconfigure.web.servlet.WebMvcProperties$Pathmatch
[2023-03-24 16:25:45:958][main] INFO o.s.b.a.l.ConditionEvaluationReportLoggingListener - 

Error starting ApplicationContext. To display the conditions report re-run your application with 'debug' enabled.
[2023-03-24 16:25:45:966][main] ERRORo.s.b.d.LoggingFailureAnalysisReporter - 

***************************
APPLICATION FAILED TO START
***************************

Description:

Failed to bind properties under 'spring.mvc.pathmatch' to org.springframework.boot.autoconfigure.web.servlet.WebMvcProperties$Pathmatch:

    Reason: org.springframework.core.convert.ConverterNotFoundException: No converter found capable of converting from type [java.lang.String] to type [org.springframework.boot.autoconfigure.web.servlet.WebMvcProperties$Pathmatch]

Action:

Update your application's configuration

[2023-03-24 16:28:31:262][main] INFO c.e.dividend.DividendApplication - Starting DividendApplication using Java 11.0.18 on homes-MacBook-Pro.local with PID 47395 (/Users/home/Desktop/downfiles/Intellij/dividend/build/classes/java/main started by home in /Users/home/Desktop/downfiles/Intellij/dividend)
[2023-03-24 16:28:31:263][main] INFO c.e.dividend.DividendApplication - No active profile set, falling back to 1 default profile: "default"
[2023-03-24 16:28:31:658][main] INFO o.s.d.r.c.RepositoryConfigurationDelegate - Multiple Spring Data modules found, entering strict repository configuration mode
[2023-03-24 16:28:31:659][main] INFO o.s.d.r.c.RepositoryConfigurationDelegate - Bootstrapping Spring Data JPA repositories in DEFAULT mode.
[2023-03-24 16:28:31:686][main] INFO o.s.d.r.c.RepositoryConfigurationDelegate - Finished Spring Data repository scanning in 24 ms. Found 3 JPA repository interfaces.
[2023-03-24 16:28:31:694][main] INFO o.s.d.r.c.RepositoryConfigurationDelegate - Multiple Spring Data modules found, entering strict repository configuration mode
[2023-03-24 16:28:31:694][main] INFO o.s.d.r.c.RepositoryConfigurationDelegate - Bootstrapping Spring Data Redis repositories in DEFAULT mode.
[2023-03-24 16:28:31:700][main] INFO o.s.d.r.c.RepositoryConfigurationExtensionSupport - Spring Data Redis - Could not safely identify store assignment for repository candidate interface com.example.dividend.persist.CompanyRepository; If you want this repository to be a Redis repository, consider annotating your entities with one of these annotations: org.springframework.data.redis.core.RedisHash (preferred), or consider extending one of the following types with your repository: org.springframework.data.keyvalue.repository.KeyValueRepository
[2023-03-24 16:28:31:701][main] INFO o.s.d.r.c.RepositoryConfigurationExtensionSupport - Spring Data Redis - Could not safely identify store assignment for repository candidate interface com.example.dividend.persist.DividendRepository; If you want this repository to be a Redis repository, consider annotating your entities with one of these annotations: org.springframework.data.redis.core.RedisHash (preferred), or consider extending one of the following types with your repository: org.springframework.data.keyvalue.repository.KeyValueRepository
[2023-03-24 16:28:31:701][main] INFO o.s.d.r.c.RepositoryConfigurationExtensionSupport - Spring Data Redis - Could not safely identify store assignment for repository candidate interface com.example.dividend.persist.MemberRepository; If you want this repository to be a Redis repository, consider annotating your entities with one of these annotations: org.springframework.data.redis.core.RedisHash (preferred), or consider extending one of the following types with your repository: org.springframework.data.keyvalue.repository.KeyValueRepository
[2023-03-24 16:28:31:701][main] INFO o.s.d.r.c.RepositoryConfigurationDelegate - Finished Spring Data repository scanning in 3 ms. Found 0 Redis repository interfaces.
[2023-03-24 16:28:32:979][main] INFO o.s.b.w.e.tomcat.TomcatWebServer - Tomcat initialized with port(s): 8080 (http)
[2023-03-24 16:28:32:982][main] INFO o.a.coyote.http11.Http11NioProtocol - Initializing ProtocolHandler ["http-nio-8080"]
[2023-03-24 16:28:32:983][main] INFO o.a.catalina.core.StandardService - Starting service [Tomcat]
[2023-03-24 16:28:32:983][main] INFO o.a.catalina.core.StandardEngine - Starting Servlet engine: [Apache Tomcat/9.0.71]
[2023-03-24 16:28:32:1027][main] INFO o.a.c.c.C.[Tomcat].[localhost].[/] - Initializing Spring embedded WebApplicationContext
[2023-03-24 16:28:32:1027][main] INFO o.s.b.w.s.c.ServletWebServerApplicationContext - Root WebApplicationContext: initialization completed in 746 ms
[2023-03-24 16:28:32:1044][main] INFO com.zaxxer.hikari.HikariDataSource - HikariPool-1 - Starting...
[2023-03-24 16:28:32:1089][main] INFO com.zaxxer.hikari.HikariDataSource - HikariPool-1 - Start completed.
[2023-03-24 16:28:32:1094][main] INFO o.s.b.a.h.H2ConsoleAutoConfiguration - H2 console available at '/h2-console'. Database available at 'jdbc:h2:mem:dayone'
[2023-03-24 16:28:32:1160][main] INFO o.h.jpa.internal.util.LogHelper - HHH000204: Processing PersistenceUnitInfo [name: default]
[2023-03-24 16:28:32:1179][main] INFO org.hibernate.Version - HHH000412: Hibernate ORM core version 5.6.15.Final
[2023-03-24 16:28:32:1236][main] INFO o.h.annotations.common.Version - HCANN000001: Hibernate Commons Annotations {5.1.2.Final}
[2023-03-24 16:28:32:1274][main] INFO org.hibernate.dialect.Dialect - HHH000400: Using dialect: org.hibernate.dialect.H2Dialect
[2023-03-24 16:28:32:1485][main] INFO o.h.e.t.j.p.i.JtaPlatformInitiator - HHH000490: Using JtaPlatform implementation: [org.hibernate.engine.transaction.jta.platform.internal.NoJtaPlatform]
[2023-03-24 16:28:32:1488][main] INFO o.s.o.j.LocalContainerEntityManagerFactoryBean - Initialized JPA EntityManagerFactory for persistence unit 'default'
[2023-03-24 16:28:32:1743][main] WARN o.s.b.a.o.j.JpaBaseConfiguration$JpaWebConfiguration - spring.jpa.open-in-view is enabled by default. Therefore, database queries may be performed during view rendering. Explicitly configure spring.jpa.open-in-view to disable this warning
[2023-03-24 16:28:33:2039][main] WARN o.s.s.c.a.web.builders.WebSecurity - You are asking Spring Security to ignore Ant [pattern='/h2-console/**']. This is not recommended -- please use permitAll via HttpSecurity#authorizeHttpRequests instead.
[2023-03-24 16:28:33:2039][main] INFO o.s.s.w.DefaultSecurityFilterChain - Will not secure Ant [pattern='/h2-console/**']
[2023-03-24 16:28:33:2061][main] INFO o.s.s.w.DefaultSecurityFilterChain - Will secure any request with [org.springframework.security.web.session.DisableEncodeUrlFilter@66ab3716, org.springframework.security.web.context.request.async.WebAsyncManagerIntegrationFilter@103a1ad3, org.springframework.security.web.context.SecurityContextPersistenceFilter@22db974d, org.springframework.security.web.header.HeaderWriterFilter@137db13f, org.springframework.security.web.authentication.logout.LogoutFilter@66297b63, com.example.dividend.security.JwtAuthenticationFilter@7c0035dd, org.springframework.security.web.savedrequest.RequestCacheAwareFilter@79d3fb99, org.springframework.security.web.servletapi.SecurityContextHolderAwareRequestFilter@367653cc, org.springframework.security.web.authentication.AnonymousAuthenticationFilter@1d6ed085, org.springframework.security.web.session.SessionManagementFilter@20e25bf7, org.springframework.security.web.access.ExceptionTranslationFilter@624268ab, org.springframework.security.web.access.intercept.FilterSecurityInterceptor@671c71e8]
[2023-03-24 16:28:33:2299][main] INFO o.a.coyote.http11.Http11NioProtocol - Starting ProtocolHandler ["http-nio-8080"]
[2023-03-24 16:28:33:2320][main] INFO o.s.b.w.e.tomcat.TomcatWebServer - Tomcat started on port(s): 8080 (http) with context path ''
[2023-03-24 16:28:33:2403][main] INFO c.e.dividend.DividendApplication - Started DividendApplication in 2.32 seconds (JVM running for 7.711)
[2023-03-24 16:29:25:54398][http-nio-8080-exec-1] INFO o.a.c.c.C.[Tomcat].[localhost].[/] - Initializing Spring DispatcherServlet 'dispatcherServlet'
[2023-03-24 16:29:25:54399][http-nio-8080-exec-1] INFO o.s.web.servlet.DispatcherServlet - Initializing Servlet 'dispatcherServlet'
[2023-03-24 16:29:25:54403][http-nio-8080-exec-1] INFO o.s.web.servlet.DispatcherServlet - Completed initialization in 4 ms
[2023-03-24 16:40:27:716502][SpringApplicationShutdownHook] INFO o.s.o.j.LocalContainerEntityManagerFactoryBean - Closing JPA EntityManagerFactory for persistence unit 'default'
[2023-03-24 16:40:27:716506][SpringApplicationShutdownHook] INFO com.zaxxer.hikari.HikariDataSource - HikariPool-1 - Shutdown initiated...
[2023-03-24 16:40:27:716509][SpringApplicationShutdownHook] INFO com.zaxxer.hikari.HikariDataSource - HikariPool-1 - Shutdown completed.
[2023-03-24 16:40:34:284][main] INFO c.e.dividend.DividendApplication - Starting DividendApplication using Java 11.0.18 on homes-MacBook-Pro.local with PID 52804 (/Users/home/Desktop/downfiles/Intellij/dividend/build/classes/java/main started by home in /Users/home/Desktop/downfiles/Intellij/dividend)
[2023-03-24 16:40:34:286][main] INFO c.e.dividend.DividendApplication - No active profile set, falling back to 1 default profile: "default"
[2023-03-24 16:40:35:703][main] INFO o.s.d.r.c.RepositoryConfigurationDelegate - Multiple Spring Data modules found, entering strict repository configuration mode
[2023-03-24 16:40:35:703][main] INFO o.s.d.r.c.RepositoryConfigurationDelegate - Bootstrapping Spring Data JPA repositories in DEFAULT mode.
[2023-03-24 16:40:35:731][main] INFO o.s.d.r.c.RepositoryConfigurationDelegate - Finished Spring Data repository scanning in 25 ms. Found 3 JPA repository interfaces.
[2023-03-24 16:40:35:738][main] INFO o.s.d.r.c.RepositoryConfigurationDelegate - Multiple Spring Data modules found, entering strict repository configuration mode
[2023-03-24 16:40:35:739][main] INFO o.s.d.r.c.RepositoryConfigurationDelegate - Bootstrapping Spring Data Redis repositories in DEFAULT mode.
[2023-03-24 16:40:35:745][main] INFO o.s.d.r.c.RepositoryConfigurationExtensionSupport - Spring Data Redis - Could not safely identify store assignment for repository candidate interface com.example.dividend.persist.CompanyRepository; If you want this repository to be a Redis repository, consider annotating your entities with one of these annotations: org.springframework.data.redis.core.RedisHash (preferred), or consider extending one of the following types with your repository: org.springframework.data.keyvalue.repository.KeyValueRepository
[2023-03-24 16:40:35:746][main] INFO o.s.d.r.c.RepositoryConfigurationExtensionSupport - Spring Data Redis - Could not safely identify store assignment for repository candidate interface com.example.dividend.persist.DividendRepository; If you want this repository to be a Redis repository, consider annotating your entities with one of these annotations: org.springframework.data.redis.core.RedisHash (preferred), or consider extending one of the following types with your repository: org.springframework.data.keyvalue.repository.KeyValueRepository
[2023-03-24 16:40:35:746][main] INFO o.s.d.r.c.RepositoryConfigurationExtensionSupport - Spring Data Redis - Could not safely identify store assignment for repository candidate interface com.example.dividend.persist.MemberRepository; If you want this repository to be a Redis repository, consider annotating your entities with one of these annotations: org.springframework.data.redis.core.RedisHash (preferred), or consider extending one of the following types with your repository: org.springframework.data.keyvalue.repository.KeyValueRepository
[2023-03-24 16:40:35:746][main] INFO o.s.d.r.c.RepositoryConfigurationDelegate - Finished Spring Data repository scanning in 4 ms. Found 0 Redis repository interfaces.
[2023-03-24 16:40:35:1036][main] INFO o.s.b.w.e.tomcat.TomcatWebServer - Tomcat initialized with port(s): 8080 (http)
[2023-03-24 16:40:35:1040][main] INFO o.a.coyote.http11.Http11NioProtocol - Initializing ProtocolHandler ["http-nio-8080"]
[2023-03-24 16:40:35:1040][main] INFO o.a.catalina.core.StandardService - Starting service [Tomcat]
[2023-03-24 16:40:35:1040][main] INFO o.a.catalina.core.StandardEngine - Starting Servlet engine: [Apache Tomcat/9.0.71]
[2023-03-24 16:40:35:1080][main] INFO o.a.c.c.C.[Tomcat].[localhost].[/] - Initializing Spring embedded WebApplicationContext
[2023-03-24 16:40:35:1080][main] INFO o.s.b.w.s.c.ServletWebServerApplicationContext - Root WebApplicationContext: initialization completed in 777 ms
[2023-03-24 16:40:35:1095][main] INFO com.zaxxer.hikari.HikariDataSource - HikariPool-1 - Starting...
[2023-03-24 16:40:35:1138][main] INFO com.zaxxer.hikari.HikariDataSource - HikariPool-1 - Start completed.
[2023-03-24 16:40:35:1144][main] INFO o.s.b.a.h.H2ConsoleAutoConfiguration - H2 console available at '/h2-console'. Database available at 'jdbc:h2:mem:dayone'
[2023-03-24 16:40:35:1209][main] INFO o.h.jpa.internal.util.LogHelper - HHH000204: Processing PersistenceUnitInfo [name: default]
[2023-03-24 16:40:35:1225][main] INFO org.hibernate.Version - HHH000412: Hibernate ORM core version 5.6.15.Final
[2023-03-24 16:40:35:1282][main] INFO o.h.annotations.common.Version - HCANN000001: Hibernate Commons Annotations {5.1.2.Final}
[2023-03-24 16:40:35:1321][main] INFO org.hibernate.dialect.Dialect - HHH000400: Using dialect: org.hibernate.dialect.H2Dialect
[2023-03-24 16:40:35:1530][main] INFO o.h.e.t.j.p.i.JtaPlatformInitiator - HHH000490: Using JtaPlatform implementation: [org.hibernate.engine.transaction.jta.platform.internal.NoJtaPlatform]
[2023-03-24 16:40:35:1533][main] INFO o.s.o.j.LocalContainerEntityManagerFactoryBean - Initialized JPA EntityManagerFactory for persistence unit 'default'
[2023-03-24 16:40:36:1796][main] WARN o.s.b.a.o.j.JpaBaseConfiguration$JpaWebConfiguration - spring.jpa.open-in-view is enabled by default. Therefore, database queries may be performed during view rendering. Explicitly configure spring.jpa.open-in-view to disable this warning
[2023-03-24 16:40:36:2117][main] WARN o.s.s.c.a.web.builders.WebSecurity - You are asking Spring Security to ignore Ant [pattern='/h2-console/**']. This is not recommended -- please use permitAll via HttpSecurity#authorizeHttpRequests instead.
[2023-03-24 16:40:36:2117][main] INFO o.s.s.w.DefaultSecurityFilterChain - Will not secure Ant [pattern='/h2-console/**']
[2023-03-24 16:40:36:2140][main] INFO o.s.s.w.DefaultSecurityFilterChain - Will secure any request with [org.springframework.security.web.session.DisableEncodeUrlFilter@128ebca1, org.springframework.security.web.context.request.async.WebAsyncManagerIntegrationFilter@34128fed, org.springframework.security.web.context.SecurityContextPersistenceFilter@60c33609, org.springframework.security.web.header.HeaderWriterFilter@20e25bf7, org.springframework.security.web.authentication.logout.LogoutFilter@75a5a912, com.example.dividend.security.JwtAuthenticationFilter@530e08a7, org.springframework.security.web.savedrequest.RequestCacheAwareFilter@22f1a340, org.springframework.security.web.servletapi.SecurityContextHolderAwareRequestFilter@4e2ad1f2, org.springframework.security.web.authentication.AnonymousAuthenticationFilter@10efb806, org.springframework.security.web.session.SessionManagementFilter@4c69b396, org.springframework.security.web.access.ExceptionTranslationFilter@7ca2319f, org.springframework.security.web.access.intercept.FilterSecurityInterceptor@37c49a55]
[2023-03-24 16:40:36:2389][main] INFO o.a.coyote.http11.Http11NioProtocol - Starting ProtocolHandler ["http-nio-8080"]
[2023-03-24 16:40:36:2406][main] INFO o.s.b.w.e.tomcat.TomcatWebServer - Tomcat started on port(s): 8080 (http) with context path ''
[2023-03-24 16:40:36:2506][main] INFO c.e.dividend.DividendApplication - Started DividendApplication in 2.414 seconds (JVM running for 7.807)
[2023-03-24 16:40:38:4325][http-nio-8080-exec-1] INFO o.a.c.c.C.[Tomcat].[localhost].[/] - Initializing Spring DispatcherServlet 'dispatcherServlet'
[2023-03-24 16:40:38:4326][http-nio-8080-exec-1] INFO o.s.web.servlet.DispatcherServlet - Initializing Servlet 'dispatcherServlet'
[2023-03-24 16:40:38:4328][http-nio-8080-exec-1] INFO o.s.web.servlet.DispatcherServlet - Completed initialization in 2 ms
[2023-03-24 16:43:07:152973][SpringApplicationShutdownHook] INFO o.s.o.j.LocalContainerEntityManagerFactoryBean - Closing JPA EntityManagerFactory for persistence unit 'default'
[2023-03-24 16:43:07:152975][SpringApplicationShutdownHook] INFO com.zaxxer.hikari.HikariDataSource - HikariPool-1 - Shutdown initiated...
[2023-03-24 16:43:07:152978][SpringApplicationShutdownHook] INFO com.zaxxer.hikari.HikariDataSource - HikariPool-1 - Shutdown completed.
[2023-03-24 16:43:14:270][main] INFO c.e.dividend.DividendApplication - Starting DividendApplication using Java 11.0.18 on homes-MacBook-Pro.local with PID 54085 (/Users/home/Desktop/downfiles/Intellij/dividend/build/classes/java/main started by home in /Users/home/Desktop/downfiles/Intellij/dividend)
[2023-03-24 16:43:14:271][main] INFO c.e.dividend.DividendApplication - No active profile set, falling back to 1 default profile: "default"
[2023-03-24 16:43:15:698][main] INFO o.s.d.r.c.RepositoryConfigurationDelegate - Multiple Spring Data modules found, entering strict repository configuration mode
[2023-03-24 16:43:15:699][main] INFO o.s.d.r.c.RepositoryConfigurationDelegate - Bootstrapping Spring Data JPA repositories in DEFAULT mode.
[2023-03-24 16:43:15:729][main] INFO o.s.d.r.c.RepositoryConfigurationDelegate - Finished Spring Data repository scanning in 26 ms. Found 3 JPA repository interfaces.
[2023-03-24 16:43:15:736][main] INFO o.s.d.r.c.RepositoryConfigurationDelegate - Multiple Spring Data modules found, entering strict repository configuration mode
[2023-03-24 16:43:15:736][main] INFO o.s.d.r.c.RepositoryConfigurationDelegate - Bootstrapping Spring Data Redis repositories in DEFAULT mode.
[2023-03-24 16:43:15:742][main] INFO o.s.d.r.c.RepositoryConfigurationExtensionSupport - Spring Data Redis - Could not safely identify store assignment for repository candidate interface com.example.dividend.persist.CompanyRepository; If you want this repository to be a Redis repository, consider annotating your entities with one of these annotations: org.springframework.data.redis.core.RedisHash (preferred), or consider extending one of the following types with your repository: org.springframework.data.keyvalue.repository.KeyValueRepository
[2023-03-24 16:43:15:743][main] INFO o.s.d.r.c.RepositoryConfigurationExtensionSupport - Spring Data Redis - Could not safely identify store assignment for repository candidate interface com.example.dividend.persist.DividendRepository; If you want this repository to be a Redis repository, consider annotating your entities with one of these annotations: org.springframework.data.redis.core.RedisHash (preferred), or consider extending one of the following types with your repository: org.springframework.data.keyvalue.repository.KeyValueRepository
[2023-03-24 16:43:15:743][main] INFO o.s.d.r.c.RepositoryConfigurationExtensionSupport - Spring Data Redis - Could not safely identify store assignment for repository candidate interface com.example.dividend.persist.MemberRepository; If you want this repository to be a Redis repository, consider annotating your entities with one of these annotations: org.springframework.data.redis.core.RedisHash (preferred), or consider extending one of the following types with your repository: org.springframework.data.keyvalue.repository.KeyValueRepository
[2023-03-24 16:43:15:744][main] INFO o.s.d.r.c.RepositoryConfigurationDelegate - Finished Spring Data repository scanning in 3 ms. Found 0 Redis repository interfaces.
[2023-03-24 16:43:15:1052][main] INFO o.s.b.w.e.tomcat.TomcatWebServer - Tomcat initialized with port(s): 8080 (http)
[2023-03-24 16:43:15:1056][main] INFO o.a.coyote.http11.Http11NioProtocol - Initializing ProtocolHandler ["http-nio-8080"]
[2023-03-24 16:43:15:1057][main] INFO o.a.catalina.core.StandardService - Starting service [Tomcat]
[2023-03-24 16:43:15:1057][main] INFO o.a.catalina.core.StandardEngine - Starting Servlet engine: [Apache Tomcat/9.0.71]
[2023-03-24 16:43:15:1104][main] INFO o.a.c.c.C.[Tomcat].[localhost].[/] - Initializing Spring embedded WebApplicationContext
[2023-03-24 16:43:15:1104][main] INFO o.s.b.w.s.c.ServletWebServerApplicationContext - Root WebApplicationContext: initialization completed in 816 ms
[2023-03-24 16:43:15:1121][main] INFO com.zaxxer.hikari.HikariDataSource - HikariPool-1 - Starting...
[2023-03-24 16:43:15:1175][main] INFO com.zaxxer.hikari.HikariDataSource - HikariPool-1 - Start completed.
[2023-03-24 16:43:15:1182][main] INFO o.s.b.a.h.H2ConsoleAutoConfiguration - H2 console available at '/h2-console'. Database available at 'jdbc:h2:mem:dayone'
[2023-03-24 16:43:15:1254][main] INFO o.h.jpa.internal.util.LogHelper - HHH000204: Processing PersistenceUnitInfo [name: default]
[2023-03-24 16:43:15:1272][main] INFO org.hibernate.Version - HHH000412: Hibernate ORM core version 5.6.15.Final
[2023-03-24 16:43:15:1327][main] INFO o.h.annotations.common.Version - HCANN000001: Hibernate Commons Annotations {5.1.2.Final}
[2023-03-24 16:43:16:1363][main] INFO org.hibernate.dialect.Dialect - HHH000400: Using dialect: org.hibernate.dialect.H2Dialect
[2023-03-24 16:43:16:1568][main] INFO o.h.e.t.j.p.i.JtaPlatformInitiator - HHH000490: Using JtaPlatform implementation: [org.hibernate.engine.transaction.jta.platform.internal.NoJtaPlatform]
[2023-03-24 16:43:16:1572][main] INFO o.s.o.j.LocalContainerEntityManagerFactoryBean - Initialized JPA EntityManagerFactory for persistence unit 'default'
[2023-03-24 16:43:16:1810][main] WARN o.s.b.a.o.j.JpaBaseConfiguration$JpaWebConfiguration - spring.jpa.open-in-view is enabled by default. Therefore, database queries may be performed during view rendering. Explicitly configure spring.jpa.open-in-view to disable this warning
[2023-03-24 16:43:16:2094][main] WARN o.s.s.c.a.web.builders.WebSecurity - You are asking Spring Security to ignore Ant [pattern='/h2-console/**']. This is not recommended -- please use permitAll via HttpSecurity#authorizeHttpRequests instead.
[2023-03-24 16:43:16:2095][main] INFO o.s.s.w.DefaultSecurityFilterChain - Will not secure Ant [pattern='/h2-console/**']
[2023-03-24 16:43:16:2116][main] INFO o.s.s.w.DefaultSecurityFilterChain - Will secure any request with [org.springframework.security.web.session.DisableEncodeUrlFilter@23974cac, org.springframework.security.web.context.request.async.WebAsyncManagerIntegrationFilter@85104d6, org.springframework.security.web.context.SecurityContextPersistenceFilter@2fda92e0, org.springframework.security.web.header.HeaderWriterFilter@685e5967, org.springframework.security.web.authentication.logout.LogoutFilter@24347d8b, com.example.dividend.security.JwtAuthenticationFilter@26c1f3eb, org.springframework.security.web.savedrequest.RequestCacheAwareFilter@4ea4290f, org.springframework.security.web.servletapi.SecurityContextHolderAwareRequestFilter@554db19d, org.springframework.security.web.authentication.AnonymousAuthenticationFilter@56e9126f, org.springframework.security.web.session.SessionManagementFilter@1b9cfc19, org.springframework.security.web.access.ExceptionTranslationFilter@2a1be9f8, org.springframework.security.web.access.intercept.FilterSecurityInterceptor@7053a864]
[2023-03-24 16:43:17:2364][main] INFO o.a.coyote.http11.Http11NioProtocol - Starting ProtocolHandler ["http-nio-8080"]
[2023-03-24 16:43:17:2377][main] INFO o.s.b.w.e.tomcat.TomcatWebServer - Tomcat started on port(s): 8080 (http) with context path ''
[2023-03-24 16:43:17:2461][main] INFO c.e.dividend.DividendApplication - Started DividendApplication in 2.376 seconds (JVM running for 7.901)
[2023-03-24 16:44:33:78860][http-nio-8080-exec-1] INFO o.a.c.c.C.[Tomcat].[localhost].[/] - Initializing Spring DispatcherServlet 'dispatcherServlet'
[2023-03-24 16:44:33:78862][http-nio-8080-exec-1] INFO o.s.web.servlet.DispatcherServlet - Initializing Servlet 'dispatcherServlet'
[2023-03-24 16:44:33:78879][http-nio-8080-exec-1] INFO o.s.web.servlet.DispatcherServlet - Completed initialization in 17 ms
[2023-03-24 16:45:12:117408][SpringApplicationShutdownHook] INFO o.s.o.j.LocalContainerEntityManagerFactoryBean - Closing JPA EntityManagerFactory for persistence unit 'default'
[2023-03-24 16:45:12:117411][SpringApplicationShutdownHook] INFO com.zaxxer.hikari.HikariDataSource - HikariPool-1 - Shutdown initiated...
[2023-03-24 16:45:12:117414][SpringApplicationShutdownHook] INFO com.zaxxer.hikari.HikariDataSource - HikariPool-1 - Shutdown completed.
[2023-03-24 16:45:19:271][main] INFO c.e.dividend.DividendApplication - Starting DividendApplication using Java 11.0.18 on homes-MacBook-Pro.local with PID 55020 (/Users/home/Desktop/downfiles/Intellij/dividend/build/classes/java/main started by home in /Users/home/Desktop/downfiles/Intellij/dividend)
[2023-03-24 16:45:19:272][main] INFO c.e.dividend.DividendApplication - No active profile set, falling back to 1 default profile: "default"
[2023-03-24 16:45:19:705][main] INFO o.s.d.r.c.RepositoryConfigurationDelegate - Multiple Spring Data modules found, entering strict repository configuration mode
[2023-03-24 16:45:19:705][main] INFO o.s.d.r.c.RepositoryConfigurationDelegate - Bootstrapping Spring Data JPA repositories in DEFAULT mode.
[2023-03-24 16:45:19:740][main] INFO o.s.d.r.c.RepositoryConfigurationDelegate - Finished Spring Data repository scanning in 28 ms. Found 3 JPA repository interfaces.
[2023-03-24 16:45:19:748][main] INFO o.s.d.r.c.RepositoryConfigurationDelegate - Multiple Spring Data modules found, entering strict repository configuration mode
[2023-03-24 16:45:19:748][main] INFO o.s.d.r.c.RepositoryConfigurationDelegate - Bootstrapping Spring Data Redis repositories in DEFAULT mode.
[2023-03-24 16:45:19:754][main] INFO o.s.d.r.c.RepositoryConfigurationExtensionSupport - Spring Data Redis - Could not safely identify store assignment for repository candidate interface com.example.dividend.persist.CompanyRepository; If you want this repository to be a Redis repository, consider annotating your entities with one of these annotations: org.springframework.data.redis.core.RedisHash (preferred), or consider extending one of the following types with your repository: org.springframework.data.keyvalue.repository.KeyValueRepository
[2023-03-24 16:45:19:755][main] INFO o.s.d.r.c.RepositoryConfigurationExtensionSupport - Spring Data Redis - Could not safely identify store assignment for repository candidate interface com.example.dividend.persist.DividendRepository; If you want this repository to be a Redis repository, consider annotating your entities with one of these annotations: org.springframework.data.redis.core.RedisHash (preferred), or consider extending one of the following types with your repository: org.springframework.data.keyvalue.repository.KeyValueRepository
[2023-03-24 16:45:19:755][main] INFO o.s.d.r.c.RepositoryConfigurationExtensionSupport - Spring Data Redis - Could not safely identify store assignment for repository candidate interface com.example.dividend.persist.MemberRepository; If you want this repository to be a Redis repository, consider annotating your entities with one of these annotations: org.springframework.data.redis.core.RedisHash (preferred), or consider extending one of the following types with your repository: org.springframework.data.keyvalue.repository.KeyValueRepository
[2023-03-24 16:45:19:755][main] INFO o.s.d.r.c.RepositoryConfigurationDelegate - Finished Spring Data repository scanning in 3 ms. Found 0 Redis repository interfaces.
[2023-03-24 16:45:19:1047][main] INFO o.s.b.w.e.tomcat.TomcatWebServer - Tomcat initialized with port(s): 8080 (http)
[2023-03-24 16:45:19:1051][main] INFO o.a.coyote.http11.Http11NioProtocol - Initializing ProtocolHandler ["http-nio-8080"]
[2023-03-24 16:45:19:1051][main] INFO o.a.catalina.core.StandardService - Starting service [Tomcat]
[2023-03-24 16:45:19:1051][main] INFO o.a.catalina.core.StandardEngine - Starting Servlet engine: [Apache Tomcat/9.0.71]
[2023-03-24 16:45:20:1091][main] INFO o.a.c.c.C.[Tomcat].[localhost].[/] - Initializing Spring embedded WebApplicationContext
[2023-03-24 16:45:20:1091][main] INFO o.s.b.w.s.c.ServletWebServerApplicationContext - Root WebApplicationContext: initialization completed in 801 ms
[2023-03-24 16:45:20:1106][main] INFO com.zaxxer.hikari.HikariDataSource - HikariPool-1 - Starting...
[2023-03-24 16:45:20:1151][main] INFO com.zaxxer.hikari.HikariDataSource - HikariPool-1 - Start completed.
[2023-03-24 16:45:20:1157][main] INFO o.s.b.a.h.H2ConsoleAutoConfiguration - H2 console available at '/h2-console'. Database available at 'jdbc:h2:mem:dayone'
[2023-03-24 16:45:20:1223][main] INFO o.h.jpa.internal.util.LogHelper - HHH000204: Processing PersistenceUnitInfo [name: default]
[2023-03-24 16:45:20:1240][main] INFO org.hibernate.Version - HHH000412: Hibernate ORM core version 5.6.15.Final
[2023-03-24 16:45:20:1303][main] INFO o.h.annotations.common.Version - HCANN000001: Hibernate Commons Annotations {5.1.2.Final}
[2023-03-24 16:45:20:1346][main] INFO org.hibernate.dialect.Dialect - HHH000400: Using dialect: org.hibernate.dialect.H2Dialect
[2023-03-24 16:45:20:1593][main] INFO o.h.e.t.j.p.i.JtaPlatformInitiator - HHH000490: Using JtaPlatform implementation: [org.hibernate.engine.transaction.jta.platform.internal.NoJtaPlatform]
[2023-03-24 16:45:20:1597][main] INFO o.s.o.j.LocalContainerEntityManagerFactoryBean - Initialized JPA EntityManagerFactory for persistence unit 'default'
[2023-03-24 16:45:20:1861][main] WARN o.s.b.a.o.j.JpaBaseConfiguration$JpaWebConfiguration - spring.jpa.open-in-view is enabled by default. Therefore, database queries may be performed during view rendering. Explicitly configure spring.jpa.open-in-view to disable this warning
[2023-03-24 16:45:21:2167][main] WARN o.s.s.c.a.web.builders.WebSecurity - You are asking Spring Security to ignore Ant [pattern='/h2-console/**']. This is not recommended -- please use permitAll via HttpSecurity#authorizeHttpRequests instead.
[2023-03-24 16:45:21:2168][main] INFO o.s.s.w.DefaultSecurityFilterChain - Will not secure Ant [pattern='/h2-console/**']
[2023-03-24 16:45:21:2191][main] INFO o.s.s.w.DefaultSecurityFilterChain - Will secure any request with [org.springframework.security.web.session.DisableEncodeUrlFilter@45e49d3d, org.springframework.security.web.context.request.async.WebAsyncManagerIntegrationFilter@72e5206, org.springframework.security.web.context.SecurityContextPersistenceFilter@1e14ed59, org.springframework.security.web.header.HeaderWriterFilter@2fda92e0, org.springframework.security.web.authentication.logout.LogoutFilter@119f035f, com.example.dividend.security.JwtAuthenticationFilter@17a5ae7b, org.springframework.security.web.savedrequest.RequestCacheAwareFilter@7d5176d6, org.springframework.security.web.servletapi.SecurityContextHolderAwareRequestFilter@24347d8b, org.springframework.security.web.authentication.AnonymousAuthenticationFilter@4615bc00, org.springframework.security.web.session.SessionManagementFilter@63767d, org.springframework.security.web.access.ExceptionTranslationFilter@5f3bc119, org.springframework.security.web.access.intercept.FilterSecurityInterceptor@5e528476]
[2023-03-24 16:45:21:2472][main] INFO o.a.coyote.http11.Http11NioProtocol - Starting ProtocolHandler ["http-nio-8080"]
[2023-03-24 16:45:21:2487][main] INFO o.s.b.w.e.tomcat.TomcatWebServer - Tomcat started on port(s): 8080 (http) with context path ''
[2023-03-24 16:45:21:2578][main] INFO c.e.dividend.DividendApplication - Started DividendApplication in 2.493 seconds (JVM running for 7.983)
[2023-03-24 16:52:30:431271][SpringApplicationShutdownHook] INFO o.s.o.j.LocalContainerEntityManagerFactoryBean - Closing JPA EntityManagerFactory for persistence unit 'default'
[2023-03-24 16:52:30:431275][SpringApplicationShutdownHook] INFO com.zaxxer.hikari.HikariDataSource - HikariPool-1 - Shutdown initiated...
[2023-03-24 16:52:30:431278][SpringApplicationShutdownHook] INFO com.zaxxer.hikari.HikariDataSource - HikariPool-1 - Shutdown completed.
[2023-03-24 16:52:37:413][main] INFO c.e.dividend.DividendApplication - Starting DividendApplication using Java 11.0.18 on homes-MacBook-Pro.local with PID 58294 (/Users/home/Desktop/downfiles/Intellij/dividend/build/classes/java/main started by home in /Users/home/Desktop/downfiles/Intellij/dividend)
[2023-03-24 16:52:37:414][main] INFO c.e.dividend.DividendApplication - No active profile set, falling back to 1 default profile: "default"
[2023-03-24 16:52:37:833][main] INFO o.s.d.r.c.RepositoryConfigurationDelegate - Multiple Spring Data modules found, entering strict repository configuration mode
[2023-03-24 16:52:37:833][main] INFO o.s.d.r.c.RepositoryConfigurationDelegate - Bootstrapping Spring Data JPA repositories in DEFAULT mode.
[2023-03-24 16:52:37:863][main] INFO o.s.d.r.c.RepositoryConfigurationDelegate - Finished Spring Data repository scanning in 27 ms. Found 3 JPA repository interfaces.
[2023-03-24 16:52:37:871][main] INFO o.s.d.r.c.RepositoryConfigurationDelegate - Multiple Spring Data modules found, entering strict repository configuration mode
[2023-03-24 16:52:37:871][main] INFO o.s.d.r.c.RepositoryConfigurationDelegate - Bootstrapping Spring Data Redis repositories in DEFAULT mode.
[2023-03-24 16:52:37:878][main] INFO o.s.d.r.c.RepositoryConfigurationExtensionSupport - Spring Data Redis - Could not safely identify store assignment for repository candidate interface com.example.dividend.persist.CompanyRepository; If you want this repository to be a Redis repository, consider annotating your entities with one of these annotations: org.springframework.data.redis.core.RedisHash (preferred), or consider extending one of the following types with your repository: org.springframework.data.keyvalue.repository.KeyValueRepository
[2023-03-24 16:52:37:878][main] INFO o.s.d.r.c.RepositoryConfigurationExtensionSupport - Spring Data Redis - Could not safely identify store assignment for repository candidate interface com.example.dividend.persist.DividendRepository; If you want this repository to be a Redis repository, consider annotating your entities with one of these annotations: org.springframework.data.redis.core.RedisHash (preferred), or consider extending one of the following types with your repository: org.springframework.data.keyvalue.repository.KeyValueRepository
[2023-03-24 16:52:37:879][main] INFO o.s.d.r.c.RepositoryConfigurationExtensionSupport - Spring Data Redis - Could not safely identify store assignment for repository candidate interface com.example.dividend.persist.MemberRepository; If you want this repository to be a Redis repository, consider annotating your entities with one of these annotations: org.springframework.data.redis.core.RedisHash (preferred), or consider extending one of the following types with your repository: org.springframework.data.keyvalue.repository.KeyValueRepository
[2023-03-24 16:52:37:879][main] INFO o.s.d.r.c.RepositoryConfigurationDelegate - Finished Spring Data repository scanning in 3 ms. Found 0 Redis repository interfaces.
[2023-03-24 16:52:38:1169][main] INFO o.s.b.w.e.tomcat.TomcatWebServer - Tomcat initialized with port(s): 8080 (http)
[2023-03-24 16:52:38:1172][main] INFO o.a.coyote.http11.Http11NioProtocol - Initializing ProtocolHandler ["http-nio-8080"]
[2023-03-24 16:52:38:1173][main] INFO o.a.catalina.core.StandardService - Starting service [Tomcat]
[2023-03-24 16:52:38:1173][main] INFO o.a.catalina.core.StandardEngine - Starting Servlet engine: [Apache Tomcat/9.0.71]
[2023-03-24 16:52:38:1212][main] INFO o.a.c.c.C.[Tomcat].[localhost].[/] - Initializing Spring embedded WebApplicationContext
[2023-03-24 16:52:38:1212][main] INFO o.s.b.w.s.c.ServletWebServerApplicationContext - Root WebApplicationContext: initialization completed in 779 ms
[2023-03-24 16:52:38:1227][main] INFO com.zaxxer.hikari.HikariDataSource - HikariPool-1 - Starting...
[2023-03-24 16:52:38:1270][main] INFO com.zaxxer.hikari.HikariDataSource - HikariPool-1 - Start completed.
[2023-03-24 16:52:38:1275][main] INFO o.s.b.a.h.H2ConsoleAutoConfiguration - H2 console available at '/h2-console'. Database available at 'jdbc:h2:mem:dayone'
[2023-03-24 16:52:38:1339][main] INFO o.h.jpa.internal.util.LogHelper - HHH000204: Processing PersistenceUnitInfo [name: default]
[2023-03-24 16:52:38:1355][main] INFO org.hibernate.Version - HHH000412: Hibernate ORM core version 5.6.15.Final
[2023-03-24 16:52:38:1411][main] INFO o.h.annotations.common.Version - HCANN000001: Hibernate Commons Annotations {5.1.2.Final}
[2023-03-24 16:52:38:1454][main] INFO org.hibernate.dialect.Dialect - HHH000400: Using dialect: org.hibernate.dialect.H2Dialect
[2023-03-24 16:52:38:1679][main] INFO o.h.e.t.j.p.i.JtaPlatformInitiator - HHH000490: Using JtaPlatform implementation: [org.hibernate.engine.transaction.jta.platform.internal.NoJtaPlatform]
[2023-03-24 16:52:38:1683][main] INFO o.s.o.j.LocalContainerEntityManagerFactoryBean - Initialized JPA EntityManagerFactory for persistence unit 'default'
[2023-03-24 16:52:38:1929][main] WARN o.s.b.a.o.j.JpaBaseConfiguration$JpaWebConfiguration - spring.jpa.open-in-view is enabled by default. Therefore, database queries may be performed during view rendering. Explicitly configure spring.jpa.open-in-view to disable this warning
[2023-03-24 16:52:39:2211][main] WARN o.s.s.c.a.web.builders.WebSecurity - You are asking Spring Security to ignore Ant [pattern='/h2-console/**']. This is not recommended -- please use permitAll via HttpSecurity#authorizeHttpRequests instead.
[2023-03-24 16:52:39:2211][main] INFO o.s.s.w.DefaultSecurityFilterChain - Will not secure Ant [pattern='/h2-console/**']
[2023-03-24 16:52:39:2233][main] INFO o.s.s.w.DefaultSecurityFilterChain - Will secure any request with [org.springframework.security.web.session.DisableEncodeUrlFilter@23974cac, org.springframework.security.web.context.request.async.WebAsyncManagerIntegrationFilter@85104d6, org.springframework.security.web.context.SecurityContextPersistenceFilter@2fda92e0, org.springframework.security.web.header.HeaderWriterFilter@685e5967, org.springframework.security.web.authentication.logout.LogoutFilter@24347d8b, com.example.dividend.security.JwtAuthenticationFilter@26c1f3eb, org.springframework.security.web.savedrequest.RequestCacheAwareFilter@4ea4290f, org.springframework.security.web.servletapi.SecurityContextHolderAwareRequestFilter@554db19d, org.springframework.security.web.authentication.AnonymousAuthenticationFilter@56e9126f, org.springframework.security.web.session.SessionManagementFilter@1b9cfc19, org.springframework.security.web.access.ExceptionTranslationFilter@2a1be9f8, org.springframework.security.web.access.intercept.FilterSecurityInterceptor@7053a864]
[2023-03-24 16:52:39:2482][main] INFO o.a.coyote.http11.Http11NioProtocol - Starting ProtocolHandler ["http-nio-8080"]
[2023-03-24 16:52:39:2496][main] INFO o.s.b.w.e.tomcat.TomcatWebServer - Tomcat started on port(s): 8080 (http) with context path ''
[2023-03-24 16:52:39:2592][main] INFO c.e.dividend.DividendApplication - Started DividendApplication in 2.504 seconds (JVM running for 7.983)
[2023-03-24 16:52:41:4742][http-nio-8080-exec-1] INFO o.a.c.c.C.[Tomcat].[localhost].[/] - Initializing Spring DispatcherServlet 'dispatcherServlet'
[2023-03-24 16:52:41:4743][http-nio-8080-exec-1] INFO o.s.web.servlet.DispatcherServlet - Initializing Servlet 'dispatcherServlet'
[2023-03-24 16:52:41:4744][http-nio-8080-exec-1] INFO o.s.web.servlet.DispatcherServlet - Completed initialization in 1 ms
[2023-03-24 16:54:46:129183][SpringApplicationShutdownHook] INFO o.s.o.j.LocalContainerEntityManagerFactoryBean - Closing JPA EntityManagerFactory for persistence unit 'default'
[2023-03-24 16:54:46:129186][SpringApplicationShutdownHook] INFO com.zaxxer.hikari.HikariDataSource - HikariPool-1 - Shutdown initiated...
[2023-03-24 16:54:46:129188][SpringApplicationShutdownHook] INFO com.zaxxer.hikari.HikariDataSource - HikariPool-1 - Shutdown completed.
[2023-03-24 16:54:53:253][main] INFO c.e.dividend.DividendApplication - Starting DividendApplication using Java 11.0.18 on homes-MacBook-Pro.local with PID 59393 (/Users/home/Desktop/downfiles/Intellij/dividend/build/classes/java/main started by home in /Users/home/Desktop/downfiles/Intellij/dividend)
[2023-03-24 16:54:53:254][main] INFO c.e.dividend.DividendApplication - No active profile set, falling back to 1 default profile: "default"
[2023-03-24 16:54:53:616][main] INFO o.s.d.r.c.RepositoryConfigurationDelegate - Multiple Spring Data modules found, entering strict repository configuration mode
[2023-03-24 16:54:53:617][main] INFO o.s.d.r.c.RepositoryConfigurationDelegate - Bootstrapping Spring Data JPA repositories in DEFAULT mode.
[2023-03-24 16:54:53:643][main] INFO o.s.d.r.c.RepositoryConfigurationDelegate - Finished Spring Data repository scanning in 23 ms. Found 3 JPA repository interfaces.
[2023-03-24 16:54:53:650][main] INFO o.s.d.r.c.RepositoryConfigurationDelegate - Multiple Spring Data modules found, entering strict repository configuration mode
[2023-03-24 16:54:53:650][main] INFO o.s.d.r.c.RepositoryConfigurationDelegate - Bootstrapping Spring Data Redis repositories in DEFAULT mode.
[2023-03-24 16:54:53:655][main] INFO o.s.d.r.c.RepositoryConfigurationExtensionSupport - Spring Data Redis - Could not safely identify store assignment for repository candidate interface com.example.dividend.persist.CompanyRepository; If you want this repository to be a Redis repository, consider annotating your entities with one of these annotations: org.springframework.data.redis.core.RedisHash (preferred), or consider extending one of the following types with your repository: org.springframework.data.keyvalue.repository.KeyValueRepository
[2023-03-24 16:54:53:656][main] INFO o.s.d.r.c.RepositoryConfigurationExtensionSupport - Spring Data Redis - Could not safely identify store assignment for repository candidate interface com.example.dividend.persist.DividendRepository; If you want this repository to be a Redis repository, consider annotating your entities with one of these annotations: org.springframework.data.redis.core.RedisHash (preferred), or consider extending one of the following types with your repository: org.springframework.data.keyvalue.repository.KeyValueRepository
[2023-03-24 16:54:53:657][main] INFO o.s.d.r.c.RepositoryConfigurationExtensionSupport - Spring Data Redis - Could not safely identify store assignment for repository candidate interface com.example.dividend.persist.MemberRepository; If you want this repository to be a Redis repository, consider annotating your entities with one of these annotations: org.springframework.data.redis.core.RedisHash (preferred), or consider extending one of the following types with your repository: org.springframework.data.keyvalue.repository.KeyValueRepository
[2023-03-24 16:54:53:657][main] INFO o.s.d.r.c.RepositoryConfigurationDelegate - Finished Spring Data repository scanning in 3 ms. Found 0 Redis repository interfaces.
[2023-03-24 16:54:53:926][main] INFO o.s.b.w.e.tomcat.TomcatWebServer - Tomcat initialized with port(s): 8080 (http)
[2023-03-24 16:54:53:929][main] INFO o.a.coyote.http11.Http11NioProtocol - Initializing ProtocolHandler ["http-nio-8080"]
[2023-03-24 16:54:53:929][main] INFO o.a.catalina.core.StandardService - Starting service [Tomcat]
[2023-03-24 16:54:53:929][main] INFO o.a.catalina.core.StandardEngine - Starting Servlet engine: [Apache Tomcat/9.0.71]
[2023-03-24 16:54:53:969][main] INFO o.a.c.c.C.[Tomcat].[localhost].[/] - Initializing Spring embedded WebApplicationContext
[2023-03-24 16:54:53:969][main] INFO o.s.b.w.s.c.ServletWebServerApplicationContext - Root WebApplicationContext: initialization completed in 698 ms
[2023-03-24 16:54:53:984][main] INFO com.zaxxer.hikari.HikariDataSource - HikariPool-1 - Starting...
[2023-03-24 16:54:53:1027][main] INFO com.zaxxer.hikari.HikariDataSource - HikariPool-1 - Start completed.
[2023-03-24 16:54:53:1033][main] INFO o.s.b.a.h.H2ConsoleAutoConfiguration - H2 console available at '/h2-console'. Database available at 'jdbc:h2:mem:dayone'
[2023-03-24 16:54:54:1097][main] INFO o.h.jpa.internal.util.LogHelper - HHH000204: Processing PersistenceUnitInfo [name: default]
[2023-03-24 16:54:54:1113][main] INFO org.hibernate.Version - HHH000412: Hibernate ORM core version 5.6.15.Final
[2023-03-24 16:54:54:1177][main] INFO o.h.annotations.common.Version - HCANN000001: Hibernate Commons Annotations {5.1.2.Final}
[2023-03-24 16:54:54:1216][main] INFO org.hibernate.dialect.Dialect - HHH000400: Using dialect: org.hibernate.dialect.H2Dialect
[2023-03-24 16:54:54:1418][main] INFO o.h.e.t.j.p.i.JtaPlatformInitiator - HHH000490: Using JtaPlatform implementation: [org.hibernate.engine.transaction.jta.platform.internal.NoJtaPlatform]
[2023-03-24 16:54:54:1421][main] INFO o.s.o.j.LocalContainerEntityManagerFactoryBean - Initialized JPA EntityManagerFactory for persistence unit 'default'
[2023-03-24 16:54:54:1666][main] WARN o.s.b.a.o.j.JpaBaseConfiguration$JpaWebConfiguration - spring.jpa.open-in-view is enabled by default. Therefore, database queries may be performed during view rendering. Explicitly configure spring.jpa.open-in-view to disable this warning
[2023-03-24 16:54:54:1981][main] WARN o.s.s.c.a.web.builders.WebSecurity - You are asking Spring Security to ignore Ant [pattern='/h2-console/**']. This is not recommended -- please use permitAll via HttpSecurity#authorizeHttpRequests instead.
[2023-03-24 16:54:54:1982][main] INFO o.s.s.w.DefaultSecurityFilterChain - Will not secure Ant [pattern='/h2-console/**']
[2023-03-24 16:54:54:2007][main] INFO o.s.s.w.DefaultSecurityFilterChain - Will secure any request with [org.springframework.security.web.session.DisableEncodeUrlFilter@f4aec23, org.springframework.security.web.context.request.async.WebAsyncManagerIntegrationFilter@713c8cbb, org.springframework.security.web.context.SecurityContextPersistenceFilter@3d3c14c3, org.springframework.security.web.header.HeaderWriterFilter@701996e9, org.springframework.security.web.authentication.logout.LogoutFilter@7d5176d6, com.example.dividend.security.JwtAuthenticationFilter@183a84f4, org.springframework.security.web.savedrequest.RequestCacheAwareFilter@75a5a912, org.springframework.security.web.servletapi.SecurityContextHolderAwareRequestFilter@4ea4290f, org.springframework.security.web.authentication.AnonymousAuthenticationFilter@7680beac, org.springframework.security.web.session.SessionManagementFilter@1d7f2719, org.springframework.security.web.access.ExceptionTranslationFilter@32f243f, org.springframework.security.web.access.intercept.FilterSecurityInterceptor@23ee31b8]
[2023-03-24 16:54:55:2256][main] INFO o.a.coyote.http11.Http11NioProtocol - Starting ProtocolHandler ["http-nio-8080"]
[2023-03-24 16:54:55:2269][main] INFO o.s.b.w.e.tomcat.TomcatWebServer - Tomcat started on port(s): 8080 (http) with context path ''
[2023-03-24 16:54:55:2354][main] INFO c.e.dividend.DividendApplication - Started DividendApplication in 2.274 seconds (JVM running for 7.616)
[2023-03-24 16:55:08:15613][http-nio-8080-exec-1] INFO o.a.c.c.C.[Tomcat].[localhost].[/] - Initializing Spring DispatcherServlet 'dispatcherServlet'
[2023-03-24 16:55:08:15613][http-nio-8080-exec-1] INFO o.s.web.servlet.DispatcherServlet - Initializing Servlet 'dispatcherServlet'
[2023-03-24 16:55:08:15615][http-nio-8080-exec-1] INFO o.s.web.servlet.DispatcherServlet - Completed initialization in 2 ms
[2023-03-24 16:55:25:33015][SpringApplicationShutdownHook] INFO o.s.o.j.LocalContainerEntityManagerFactoryBean - Closing JPA EntityManagerFactory for persistence unit 'default'
[2023-03-24 16:55:25:33018][SpringApplicationShutdownHook] INFO com.zaxxer.hikari.HikariDataSource - HikariPool-1 - Shutdown initiated...
[2023-03-24 16:55:25:33021][SpringApplicationShutdownHook] INFO com.zaxxer.hikari.HikariDataSource - HikariPool-1 - Shutdown completed.
[2023-03-24 16:55:33:281][main] INFO c.e.dividend.DividendApplication - Starting DividendApplication using Java 11.0.18 on homes-MacBook-Pro.local with PID 59700 (/Users/home/Desktop/downfiles/Intellij/dividend/build/classes/java/main started by home in /Users/home/Desktop/downfiles/Intellij/dividend)
[2023-03-24 16:55:33:282][main] INFO c.e.dividend.DividendApplication - No active profile set, falling back to 1 default profile: "default"
[2023-03-24 16:55:33:654][main] INFO o.s.d.r.c.RepositoryConfigurationDelegate - Multiple Spring Data modules found, entering strict repository configuration mode
[2023-03-24 16:55:33:654][main] INFO o.s.d.r.c.RepositoryConfigurationDelegate - Bootstrapping Spring Data JPA repositories in DEFAULT mode.
[2023-03-24 16:55:33:682][main] INFO o.s.d.r.c.RepositoryConfigurationDelegate - Finished Spring Data repository scanning in 25 ms. Found 3 JPA repository interfaces.
[2023-03-24 16:55:33:689][main] INFO o.s.d.r.c.RepositoryConfigurationDelegate - Multiple Spring Data modules found, entering strict repository configuration mode
[2023-03-24 16:55:33:689][main] INFO o.s.d.r.c.RepositoryConfigurationDelegate - Bootstrapping Spring Data Redis repositories in DEFAULT mode.
[2023-03-24 16:55:33:695][main] INFO o.s.d.r.c.RepositoryConfigurationExtensionSupport - Spring Data Redis - Could not safely identify store assignment for repository candidate interface com.example.dividend.persist.CompanyRepository; If you want this repository to be a Redis repository, consider annotating your entities with one of these annotations: org.springframework.data.redis.core.RedisHash (preferred), or consider extending one of the following types with your repository: org.springframework.data.keyvalue.repository.KeyValueRepository
[2023-03-24 16:55:33:696][main] INFO o.s.d.r.c.RepositoryConfigurationExtensionSupport - Spring Data Redis - Could not safely identify store assignment for repository candidate interface com.example.dividend.persist.DividendRepository; If you want this repository to be a Redis repository, consider annotating your entities with one of these annotations: org.springframework.data.redis.core.RedisHash (preferred), or consider extending one of the following types with your repository: org.springframework.data.keyvalue.repository.KeyValueRepository
[2023-03-24 16:55:33:696][main] INFO o.s.d.r.c.RepositoryConfigurationExtensionSupport - Spring Data Redis - Could not safely identify store assignment for repository candidate interface com.example.dividend.persist.MemberRepository; If you want this repository to be a Redis repository, consider annotating your entities with one of these annotations: org.springframework.data.redis.core.RedisHash (preferred), or consider extending one of the following types with your repository: org.springframework.data.keyvalue.repository.KeyValueRepository
[2023-03-24 16:55:33:696][main] INFO o.s.d.r.c.RepositoryConfigurationDelegate - Finished Spring Data repository scanning in 3 ms. Found 0 Redis repository interfaces.
[2023-03-24 16:55:33:976][main] INFO o.s.b.w.e.tomcat.TomcatWebServer - Tomcat initialized with port(s): 8080 (http)
[2023-03-24 16:55:33:980][main] INFO o.a.coyote.http11.Http11NioProtocol - Initializing ProtocolHandler ["http-nio-8080"]
[2023-03-24 16:55:33:980][main] INFO o.a.catalina.core.StandardService - Starting service [Tomcat]
[2023-03-24 16:55:33:980][main] INFO o.a.catalina.core.StandardEngine - Starting Servlet engine: [Apache Tomcat/9.0.71]
[2023-03-24 16:55:33:1021][main] INFO o.a.c.c.C.[Tomcat].[localhost].[/] - Initializing Spring embedded WebApplicationContext
[2023-03-24 16:55:33:1021][main] INFO o.s.b.w.s.c.ServletWebServerApplicationContext - Root WebApplicationContext: initialization completed in 721 ms
[2023-03-24 16:55:33:1037][main] INFO com.zaxxer.hikari.HikariDataSource - HikariPool-1 - Starting...
[2023-03-24 16:55:33:1080][main] INFO com.zaxxer.hikari.HikariDataSource - HikariPool-1 - Start completed.
[2023-03-24 16:55:33:1085][main] INFO o.s.b.a.h.H2ConsoleAutoConfiguration - H2 console available at '/h2-console'. Database available at 'jdbc:h2:mem:dayone'
[2023-03-24 16:55:33:1149][main] INFO o.h.jpa.internal.util.LogHelper - HHH000204: Processing PersistenceUnitInfo [name: default]
[2023-03-24 16:55:33:1166][main] INFO org.hibernate.Version - HHH000412: Hibernate ORM core version 5.6.15.Final
[2023-03-24 16:55:34:1224][main] INFO o.h.annotations.common.Version - HCANN000001: Hibernate Commons Annotations {5.1.2.Final}
[2023-03-24 16:55:34:1262][main] INFO org.hibernate.dialect.Dialect - HHH000400: Using dialect: org.hibernate.dialect.H2Dialect
[2023-03-24 16:55:34:1483][main] INFO o.h.e.t.j.p.i.JtaPlatformInitiator - HHH000490: Using JtaPlatform implementation: [org.hibernate.engine.transaction.jta.platform.internal.NoJtaPlatform]
[2023-03-24 16:55:34:1487][main] INFO o.s.o.j.LocalContainerEntityManagerFactoryBean - Initialized JPA EntityManagerFactory for persistence unit 'default'
[2023-03-24 16:55:34:1737][main] WARN o.s.b.a.o.j.JpaBaseConfiguration$JpaWebConfiguration - spring.jpa.open-in-view is enabled by default. Therefore, database queries may be performed during view rendering. Explicitly configure spring.jpa.open-in-view to disable this warning
[2023-03-24 16:55:34:2025][main] WARN o.s.s.c.a.web.builders.WebSecurity - You are asking Spring Security to ignore Ant [pattern='/h2-console/**']. This is not recommended -- please use permitAll via HttpSecurity#authorizeHttpRequests instead.
[2023-03-24 16:55:34:2025][main] INFO o.s.s.w.DefaultSecurityFilterChain - Will not secure Ant [pattern='/h2-console/**']
[2023-03-24 16:55:34:2047][main] INFO o.s.s.w.DefaultSecurityFilterChain - Will secure any request with [org.springframework.security.web.session.DisableEncodeUrlFilter@4dfe56dc, org.springframework.security.web.context.request.async.WebAsyncManagerIntegrationFilter@2a728076, org.springframework.security.web.context.SecurityContextPersistenceFilter@32f243f, org.springframework.security.web.header.HeaderWriterFilter@22db974d, org.springframework.security.web.authentication.logout.LogoutFilter@765d67dd, com.example.dividend.security.JwtAuthenticationFilter@530e08a7, org.springframework.security.web.savedrequest.RequestCacheAwareFilter@25291901, org.springframework.security.web.servletapi.SecurityContextHolderAwareRequestFilter@70a3b, org.springframework.security.web.authentication.AnonymousAuthenticationFilter@a3f1f32, org.springframework.security.web.session.SessionManagementFilter@60c33609, org.springframework.security.web.access.ExceptionTranslationFilter@4d21b505, org.springframework.security.web.access.intercept.FilterSecurityInterceptor@18b88f7]
[2023-03-24 16:55:35:2294][main] INFO o.a.coyote.http11.Http11NioProtocol - Starting ProtocolHandler ["http-nio-8080"]
[2023-03-24 16:55:35:2307][main] INFO o.s.b.w.e.tomcat.TomcatWebServer - Tomcat started on port(s): 8080 (http) with context path ''
[2023-03-24 16:55:35:2395][main] INFO c.e.dividend.DividendApplication - Started DividendApplication in 2.306 seconds (JVM running for 7.745)
[2023-03-24 16:55:38:6144][http-nio-8080-exec-1] INFO o.a.c.c.C.[Tomcat].[localhost].[/] - Initializing Spring DispatcherServlet 'dispatcherServlet'
[2023-03-24 16:55:38:6145][http-nio-8080-exec-1] INFO o.s.web.servlet.DispatcherServlet - Initializing Servlet 'dispatcherServlet'
[2023-03-24 16:55:38:6146][http-nio-8080-exec-1] INFO o.s.web.servlet.DispatcherServlet - Completed initialization in 1 ms
[2023-03-24 16:57:16:103886][SpringApplicationShutdownHook] INFO o.s.o.j.LocalContainerEntityManagerFactoryBean - Closing JPA EntityManagerFactory for persistence unit 'default'
[2023-03-24 16:57:16:103890][SpringApplicationShutdownHook] INFO com.zaxxer.hikari.HikariDataSource - HikariPool-1 - Shutdown initiated...
[2023-03-24 16:57:16:103892][SpringApplicationShutdownHook] INFO com.zaxxer.hikari.HikariDataSource - HikariPool-1 - Shutdown completed.
[2023-03-24 16:57:23:256][main] INFO c.e.dividend.DividendApplication - Starting DividendApplication using Java 11.0.18 on homes-MacBook-Pro.local with PID 60465 (/Users/home/Desktop/downfiles/Intellij/dividend/build/classes/java/main started by home in /Users/home/Desktop/downfiles/Intellij/dividend)
[2023-03-24 16:57:23:257][main] INFO c.e.dividend.DividendApplication - No active profile set, falling back to 1 default profile: "default"
[2023-03-24 16:57:23:626][main] INFO o.s.d.r.c.RepositoryConfigurationDelegate - Multiple Spring Data modules found, entering strict repository configuration mode
[2023-03-24 16:57:23:626][main] INFO o.s.d.r.c.RepositoryConfigurationDelegate - Bootstrapping Spring Data JPA repositories in DEFAULT mode.
[2023-03-24 16:57:23:654][main] INFO o.s.d.r.c.RepositoryConfigurationDelegate - Finished Spring Data repository scanning in 26 ms. Found 3 JPA repository interfaces.
[2023-03-24 16:57:23:662][main] INFO o.s.d.r.c.RepositoryConfigurationDelegate - Multiple Spring Data modules found, entering strict repository configuration mode
[2023-03-24 16:57:23:662][main] INFO o.s.d.r.c.RepositoryConfigurationDelegate - Bootstrapping Spring Data Redis repositories in DEFAULT mode.
[2023-03-24 16:57:23:668][main] INFO o.s.d.r.c.RepositoryConfigurationExtensionSupport - Spring Data Redis - Could not safely identify store assignment for repository candidate interface com.example.dividend.persist.CompanyRepository; If you want this repository to be a Redis repository, consider annotating your entities with one of these annotations: org.springframework.data.redis.core.RedisHash (preferred), or consider extending one of the following types with your repository: org.springframework.data.keyvalue.repository.KeyValueRepository
[2023-03-24 16:57:23:668][main] INFO o.s.d.r.c.RepositoryConfigurationExtensionSupport - Spring Data Redis - Could not safely identify store assignment for repository candidate interface com.example.dividend.persist.DividendRepository; If you want this repository to be a Redis repository, consider annotating your entities with one of these annotations: org.springframework.data.redis.core.RedisHash (preferred), or consider extending one of the following types with your repository: org.springframework.data.keyvalue.repository.KeyValueRepository
[2023-03-24 16:57:23:669][main] INFO o.s.d.r.c.RepositoryConfigurationExtensionSupport - Spring Data Redis - Could not safely identify store assignment for repository candidate interface com.example.dividend.persist.MemberRepository; If you want this repository to be a Redis repository, consider annotating your entities with one of these annotations: org.springframework.data.redis.core.RedisHash (preferred), or consider extending one of the following types with your repository: org.springframework.data.keyvalue.repository.KeyValueRepository
[2023-03-24 16:57:23:669][main] INFO o.s.d.r.c.RepositoryConfigurationDelegate - Finished Spring Data repository scanning in 3 ms. Found 0 Redis repository interfaces.
[2023-03-24 16:57:24:967][main] INFO o.s.b.w.e.tomcat.TomcatWebServer - Tomcat initialized with port(s): 8080 (http)
[2023-03-24 16:57:24:972][main] INFO o.a.coyote.http11.Http11NioProtocol - Initializing ProtocolHandler ["http-nio-8080"]
[2023-03-24 16:57:24:972][main] INFO o.a.catalina.core.StandardService - Starting service [Tomcat]
[2023-03-24 16:57:24:972][main] INFO o.a.catalina.core.StandardEngine - Starting Servlet engine: [Apache Tomcat/9.0.71]
[2023-03-24 16:57:24:1018][main] INFO o.a.c.c.C.[Tomcat].[localhost].[/] - Initializing Spring embedded WebApplicationContext
[2023-03-24 16:57:24:1018][main] INFO o.s.b.w.s.c.ServletWebServerApplicationContext - Root WebApplicationContext: initialization completed in 743 ms
[2023-03-24 16:57:24:1035][main] INFO com.zaxxer.hikari.HikariDataSource - HikariPool-1 - Starting...
[2023-03-24 16:57:24:1078][main] INFO com.zaxxer.hikari.HikariDataSource - HikariPool-1 - Start completed.
[2023-03-24 16:57:24:1083][main] INFO o.s.b.a.h.H2ConsoleAutoConfiguration - H2 console available at '/h2-console'. Database available at 'jdbc:h2:mem:dayone'
[2023-03-24 16:57:24:1147][main] INFO o.h.jpa.internal.util.LogHelper - HHH000204: Processing PersistenceUnitInfo [name: default]
[2023-03-24 16:57:24:1164][main] INFO org.hibernate.Version - HHH000412: Hibernate ORM core version 5.6.15.Final
[2023-03-24 16:57:24:1219][main] INFO o.h.annotations.common.Version - HCANN000001: Hibernate Commons Annotations {5.1.2.Final}
[2023-03-24 16:57:24:1256][main] INFO org.hibernate.dialect.Dialect - HHH000400: Using dialect: org.hibernate.dialect.H2Dialect
[2023-03-24 16:57:24:1469][main] INFO o.h.e.t.j.p.i.JtaPlatformInitiator - HHH000490: Using JtaPlatform implementation: [org.hibernate.engine.transaction.jta.platform.internal.NoJtaPlatform]
[2023-03-24 16:57:24:1472][main] INFO o.s.o.j.LocalContainerEntityManagerFactoryBean - Initialized JPA EntityManagerFactory for persistence unit 'default'
[2023-03-24 16:57:25:1719][main] WARN o.s.b.a.o.j.JpaBaseConfiguration$JpaWebConfiguration - spring.jpa.open-in-view is enabled by default. Therefore, database queries may be performed during view rendering. Explicitly configure spring.jpa.open-in-view to disable this warning
[2023-03-24 16:57:25:2021][main] WARN o.s.s.c.a.web.builders.WebSecurity - You are asking Spring Security to ignore Ant [pattern='/h2-console/**']. This is not recommended -- please use permitAll via HttpSecurity#authorizeHttpRequests instead.
[2023-03-24 16:57:25:2021][main] INFO o.s.s.w.DefaultSecurityFilterChain - Will not secure Ant [pattern='/h2-console/**']
[2023-03-24 16:57:25:2043][main] INFO o.s.s.w.DefaultSecurityFilterChain - Will secure any request with [org.springframework.security.web.session.DisableEncodeUrlFilter@119f035f, org.springframework.security.web.context.request.async.WebAsyncManagerIntegrationFilter@480f1311, org.springframework.security.web.context.SecurityContextPersistenceFilter@37289e90, org.springframework.security.web.header.HeaderWriterFilter@49314684, org.springframework.security.web.authentication.logout.LogoutFilter@bb896e9, com.example.dividend.security.JwtAuthenticationFilter@367fbb28, org.springframework.security.web.savedrequest.RequestCacheAwareFilter@40477d52, org.springframework.security.web.servletapi.SecurityContextHolderAwareRequestFilter@3d3c14c3, org.springframework.security.web.authentication.AnonymousAuthenticationFilter@60c68c7b, org.springframework.security.web.session.SessionManagementFilter@70a3b, org.springframework.security.web.access.ExceptionTranslationFilter@27d4513e, org.springframework.security.web.access.intercept.FilterSecurityInterceptor@14927cd4]
[2023-03-24 16:57:25:2296][main] INFO o.a.coyote.http11.Http11NioProtocol - Starting ProtocolHandler ["http-nio-8080"]
[2023-03-24 16:57:25:2313][main] INFO o.s.b.w.e.tomcat.TomcatWebServer - Tomcat started on port(s): 8080 (http) with context path ''
[2023-03-24 16:57:25:2401][main] INFO c.e.dividend.DividendApplication - Started DividendApplication in 2.322 seconds (JVM running for 7.625)
[2023-03-24 16:57:30:7622][http-nio-8080-exec-1] INFO o.a.c.c.C.[Tomcat].[localhost].[/] - Initializing Spring DispatcherServlet 'dispatcherServlet'
[2023-03-24 16:57:30:7622][http-nio-8080-exec-1] INFO o.s.web.servlet.DispatcherServlet - Initializing Servlet 'dispatcherServlet'
[2023-03-24 16:57:30:7624][http-nio-8080-exec-1] INFO o.s.web.servlet.DispatcherServlet - Completed initialization in 2 ms
